<?xml version="1.0" encoding="UTF-8"?>
<testng-results ignored="0" total="1" passed="1" failed="0" skipped="0">
  <reporter-output>
  </reporter-output>
  <suite started-at="2024-10-22T21:22:27 CEST" name="Suite" finished-at="2024-10-22T21:22:47 CEST" duration-ms="20069">
    <groups>
      <group name="Master">
        <method signature="TC002MyAccout.MyAccountInfo()[pri:0, instance:TestCases.TC002MyAccout@5f7b97da]" name="MyAccountInfo" class="TestCases.TC002MyAccout"/>
      </group> <!-- Master -->
    </groups>
    <test started-at="2024-10-22T21:22:27 CEST" name="Test" finished-at="2024-10-22T21:22:47 CEST" duration-ms="20069">
      <class name="TestCases.TC002MyAccout">
        <test-method is-config="true" signature="Setup(java.lang.String,java.lang.String)[pri:0, instance:TestCases.TC002MyAccout@5f7b97da]" started-at="2024-10-22T21:22:28 CEST" name="Setup" finished-at="2024-10-22T21:22:33 CEST" duration-ms="5649" status="PASS">
          <params>
            <param index="0">
              <value>
                <![CDATA[windows]]>
              </value>
            </param>
            <param index="1">
              <value>
                <![CDATA[chrome]]>
              </value>
            </param>
          </params>
          <reporter-output>
          </reporter-output>
        </test-method> <!-- Setup -->
        <test-method signature="MyAccountInfo()[pri:0, instance:TestCases.TC002MyAccout@5f7b97da]" started-at="2024-10-22T21:22:33 CEST" name="MyAccountInfo" finished-at="2024-10-22T21:22:47 CEST" duration-ms="13901" status="PASS">
          <reporter-output>
          </reporter-output>
        </test-method> <!-- MyAccountInfo -->
        <test-method is-config="true" signature="close()[pri:0, instance:TestCases.TC002MyAccout@5f7b97da]" started-at="2024-10-22T21:22:47 CEST" name="close" finished-at="2024-10-22T21:22:47 CEST" duration-ms="2" status="PASS">
          <reporter-output>
          </reporter-output>
        </test-method> <!-- close -->
      </class> <!-- TestCases.TC002MyAccout -->
    </test> <!-- Test -->
  </suite> <!-- Suite -->
</testng-results>
